2019-08-30 16:54:52,585 [main] INFO com.Niki_Old.TestCases.Login - initilizing framework
2019-08-30 16:55:13,789 [main] INFO com.Niki_Old.TestCases.Login - TimeOut:30
2019-08-30 16:55:14,177 [main] INFO com.Niki_Old.TestCases.Login - Niki Homepage header appeared properly by Default in English
2019-08-30 18:18:28,616 [main] INFO com.Niki_Old.TestCases.Login - initilizing framework
2019-08-30 18:18:44,645 [main] INFO com.Niki_Old.TestCases.Login - TimeOut:30
2019-08-30 18:18:58,287 [main] INFO com.Niki_Old.TestCases.Login - Niki Homepage header appeared properly by Default in English
2019-08-30 18:18:59,465 [main] INFO com.Niki_Old.TestCases.Login - Language Insturction Message appears properly
2019-08-30 18:19:03,434 [main] INFO com.Niki_Old.TestCases.Login - Hindi Radio button showing properly and by default its not selected
2019-08-30 18:19:07,300 [main] INFO com.Niki_Old.TestCases.Login - English Radio button showing properly and by default its not selected
2019-08-30 18:19:09,423 [main] INFO com.Niki_Old.TestCases.Login - Next button is displaying properly at Home Screen
2019-08-30 18:19:32,807 [main] INFO com.Niki_Old.TestCases.Login - Without selecting any Language, NEXT button is not working
2019-08-30 18:19:49,734 [main] INFO com.Niki_Old.TestCases.Login - initilizing framework
2019-08-30 18:20:14,549 [main] INFO com.Niki_Old.TestCases.Login - TimeOut:30
2019-08-30 18:20:14,981 [main] INFO com.Niki_Old.TestCases.Login - Niki Homepage header appeared properly by Default in English
2019-08-30 18:20:15,106 [main] INFO com.Niki_Old.TestCases.Login - Language Insturction Message appears properly
2019-08-30 18:20:15,546 [main] INFO com.Niki_Old.TestCases.Login - Hindi Radio button showing properly and by default its not selected
2019-08-30 18:20:15,957 [main] INFO com.Niki_Old.TestCases.Login - English Radio button showing properly and by default its not selected
2019-08-30 18:20:16,224 [main] INFO com.Niki_Old.TestCases.Login - Next button is displaying properly at Home Screen
2019-08-30 18:20:19,606 [main] INFO com.Niki_Old.TestCases.Login - Without selecting any Language, NEXT button is not working
2019-08-30 18:28:59,523 [main] INFO com.Niki_Old.TestCases.Login - initilizing framework
2019-08-30 18:29:15,204 [main] INFO com.Niki_Old.TestCases.Login - TimeOut:30
2019-08-30 18:29:18,409 [main] INFO com.Niki_Old.TestCases.Login - Niki Homepage header appeared properly by Default in English
2019-08-30 18:29:18,574 [main] INFO com.Niki_Old.TestCases.Login - Language Insturction Message appears properly
2019-08-30 18:29:18,966 [main] INFO com.Niki_Old.TestCases.Login - Hindi Radio button showing properly and by default its not selected
2019-08-30 18:29:19,331 [main] INFO com.Niki_Old.TestCases.Login - English Radio button showing properly and by default its not selected
2019-08-30 18:29:19,574 [main] INFO com.Niki_Old.TestCases.Login - Next button is displaying properly at Home Screen
2019-08-30 18:29:22,964 [main] INFO com.Niki_Old.TestCases.Login - Without selecting any Language, NEXT button is not working
2019-08-30 18:29:23,847 [main] INFO com.Niki_Old.TestCases.Login - Niki Homepage header appeared properly in Hindi
2019-08-30 18:29:23,977 [main] INFO com.Niki_Old.TestCases.Login - Language Instruction Message appears properly in Hindi
2019-08-30 18:29:24,247 [main] INFO com.Niki_Old.TestCases.Login - Next button is displaying properly when Language selected to Hindi
2019-08-30 18:33:51,618 [main] INFO com.Niki_Old.TestCases.Login - initilizing framework
2019-08-30 18:34:07,427 [main] INFO com.Niki_Old.TestCases.Login - TimeOut:30
2019-08-30 18:34:07,896 [main] INFO com.Niki_Old.TestCases.Login - Niki Homepage header appeared properly by Default in English
2019-08-30 18:34:08,021 [main] INFO com.Niki_Old.TestCases.Login - Language Insturction Message appears properly
2019-08-30 18:34:08,438 [main] INFO com.Niki_Old.TestCases.Login - Hindi Radio button showing properly and by default its not selected
2019-08-30 18:34:08,857 [main] INFO com.Niki_Old.TestCases.Login - English Radio button showing properly and by default its not selected
2019-08-30 18:34:09,142 [main] INFO com.Niki_Old.TestCases.Login - Next button is displaying properly at Home Screen
2019-08-30 18:34:12,520 [main] INFO com.Niki_Old.TestCases.Login - Without selecting any Language, NEXT button is not working
2019-08-30 18:34:13,462 [main] INFO com.Niki_Old.TestCases.Login - Niki Homepage header appeared properly in Hindi
2019-08-30 18:34:13,579 [main] INFO com.Niki_Old.TestCases.Login - Language Instruction Message appears properly in Hindi
2019-08-30 18:34:13,897 [main] INFO com.Niki_Old.TestCases.Login - Next button is displaying properly when Language selected to Hindi
2019-08-30 18:34:31,285 [main] INFO pageObjects.SignUpElements - Phone Number Entered -1234
2019-08-30 18:37:10,528 [main] INFO com.Niki_Old.TestCases.Login - initilizing framework
2019-08-30 18:37:26,036 [main] INFO com.Niki_Old.TestCases.Login - TimeOut:30
2019-08-30 18:37:26,469 [main] INFO com.Niki_Old.TestCases.Login - Niki Homepage header appeared properly by Default in English
2019-08-30 18:37:26,597 [main] INFO com.Niki_Old.TestCases.Login - Language Insturction Message appears properly
2019-08-30 18:37:27,155 [main] INFO com.Niki_Old.TestCases.Login - Hindi Radio button showing properly and by default its not selected
2019-08-30 18:37:27,557 [main] INFO com.Niki_Old.TestCases.Login - English Radio button showing properly and by default its not selected
2019-08-30 18:37:27,813 [main] INFO com.Niki_Old.TestCases.Login - Next button is displaying properly at Home Screen
2019-08-30 18:37:28,759 [main] INFO com.Niki_Old.TestCases.Login - Without selecting any Language, NEXT button is not working
2019-08-30 18:37:29,706 [main] INFO com.Niki_Old.TestCases.Login - Niki Homepage header appeared properly in Hindi
2019-08-30 18:37:29,846 [main] INFO com.Niki_Old.TestCases.Login - Language Instruction Message appears properly in Hindi
2019-08-30 18:37:30,105 [main] INFO com.Niki_Old.TestCases.Login - Next button is displaying properly when Language selected to Hindi
2019-08-30 18:37:51,163 [main] INFO pageObjects.SignUpElements - Phone Number Entered -1234
2019-08-30 18:38:03,834 [main] INFO pageObjects.SignUpElements - Phone Number Entered -9380907374
2019-08-30 18:48:49,564 [main] INFO com.Niki_Old.TestCases.Login - initilizing framework
2019-08-30 18:49:05,102 [main] INFO com.Niki_Old.TestCases.Login - TimeOut:30
2019-08-30 18:49:05,634 [main] INFO com.Niki_Old.TestCases.Login - Niki Homepage header appeared properly by Default in English
2019-08-30 18:49:05,771 [main] INFO com.Niki_Old.TestCases.Login - Language Insturction Message appears properly
2019-08-30 18:49:06,218 [main] INFO com.Niki_Old.TestCases.Login - Hindi Radio button showing properly and by default its not selected
2019-08-30 18:49:06,608 [main] INFO com.Niki_Old.TestCases.Login - English Radio button showing properly and by default its not selected
2019-08-30 18:49:06,836 [main] INFO com.Niki_Old.TestCases.Login - Next button is displaying properly at Home Screen
2019-08-30 18:49:10,234 [main] INFO com.Niki_Old.TestCases.Login - Without selecting any Language, NEXT button is not working
2019-08-30 18:49:11,207 [main] INFO com.Niki_Old.TestCases.Login - Niki Homepage header appeared properly in Hindi
2019-08-30 18:49:11,355 [main] INFO com.Niki_Old.TestCases.Login - Language Instruction Message appears properly in Hindi
2019-08-30 18:49:11,597 [main] INFO com.Niki_Old.TestCases.Login - Next button is displaying properly when Language selected to Hindi
2019-08-30 18:49:32,244 [main] INFO pageObjects.SignUpElements - Phone Number Entered -1234
2019-08-30 18:49:45,069 [main] INFO pageObjects.SignUpElements - Phone Number Entered -9380907374
2019-08-30 18:53:15,955 [main] INFO com.Niki_Old.TestCases.Login - initilizing framework
2019-08-30 18:53:31,156 [main] INFO com.Niki_Old.TestCases.Login - TimeOut:30
2019-08-30 18:53:31,663 [main] INFO com.Niki_Old.TestCases.Login - Niki Homepage header appeared properly by Default in English
2019-08-30 18:53:31,795 [main] INFO com.Niki_Old.TestCases.Login - Language Insturction Message appears properly
2019-08-30 18:53:32,300 [main] INFO com.Niki_Old.TestCases.Login - Hindi Radio button showing properly and by default its not selected
2019-08-30 18:53:32,699 [main] INFO com.Niki_Old.TestCases.Login - English Radio button showing properly and by default its not selected
2019-08-30 18:53:32,962 [main] INFO com.Niki_Old.TestCases.Login - Next button is displaying properly at Home Screen
2019-08-30 18:53:33,853 [main] INFO com.Niki_Old.TestCases.Login - Without selecting any Language, NEXT button is not working
2019-08-30 18:53:34,779 [main] INFO com.Niki_Old.TestCases.Login - Niki Homepage header appeared properly in Hindi
2019-08-30 18:53:34,899 [main] INFO com.Niki_Old.TestCases.Login - Language Instruction Message appears properly in Hindi
2019-08-30 18:53:35,148 [main] INFO com.Niki_Old.TestCases.Login - Next button is displaying properly when Language selected to Hindi
2019-08-30 18:53:55,859 [main] INFO pageObjects.SignUpElements - Phone Number Entered -1234
2019-08-30 18:54:08,262 [main] INFO pageObjects.SignUpElements - Phone Number Entered -9380907374
2019-08-30 18:54:09,016 [main] INFO pageObjects.CommonElements - Clicked Submit Button
2019-08-30 18:54:10,786 [main] INFO pageObjects.SignUpElements - Header On Sent OTP Page We've sent you an OTP
2019-08-30 19:05:17,072 [main] INFO com.Niki_Old.TestCases.Login - initilizing framework
2019-08-30 19:05:32,334 [main] INFO com.Niki_Old.TestCases.Login - TimeOut:30
2019-08-30 19:05:32,854 [main] INFO com.Niki_Old.TestCases.Login - Niki Homepage header appeared properly by Default in English
2019-08-30 19:05:32,999 [main] INFO com.Niki_Old.TestCases.Login - Language Insturction Message appears properly
2019-08-30 19:05:33,472 [main] INFO com.Niki_Old.TestCases.Login - Hindi Radio button showing properly and by default its not selected
2019-08-30 19:05:33,867 [main] INFO com.Niki_Old.TestCases.Login - English Radio button showing properly and by default its not selected
2019-08-30 19:05:34,156 [main] INFO com.Niki_Old.TestCases.Login - Next button is displaying properly at Home Screen
2019-08-30 19:05:37,536 [main] INFO com.Niki_Old.TestCases.Login - Without selecting any Language, NEXT button is not working
2019-08-30 19:05:38,571 [main] INFO com.Niki_Old.TestCases.Login - Niki Homepage header appeared properly in Hindi
2019-08-30 19:05:38,708 [main] INFO com.Niki_Old.TestCases.Login - Language Instruction Message appears properly in Hindi
2019-08-30 19:05:38,957 [main] INFO com.Niki_Old.TestCases.Login - Next button is displaying properly when Language selected to Hindi
2019-08-30 19:05:52,450 [main] INFO pageObjects.SignUpElements - Phone Number Entered -1234
2019-08-30 19:06:04,711 [main] INFO pageObjects.SignUpElements - Phone Number Entered -9380907374
2019-08-30 19:06:05,473 [main] INFO pageObjects.CommonElements - Clicked Submit Button
2019-08-30 19:06:07,165 [main] INFO pageObjects.SignUpElements - Header On Sent OTP Page We've sent you an OTP
2019-08-30 19:06:42,255 [main] INFO com.Niki_Old.TestCases.Login - GET OTP ON CALL Button displayed
2019-08-30 19:06:43,124 [main] INFO com.Niki_Old.TestCases.Login - Getting OTP Call
2019-08-30 19:22:29,595 [main] INFO com.Niki_Old.TestCases.Login - initilizing framework
2019-08-30 19:22:46,455 [main] INFO com.Niki_Old.TestCases.Login - TimeOut:30
2019-08-30 19:22:49,596 [main] INFO com.Niki_Old.TestCases.Login - Niki Homepage header appeared properly by Default in English
2019-08-30 19:22:49,757 [main] INFO com.Niki_Old.TestCases.Login - Language Insturction Message appears properly
2019-08-30 19:22:50,177 [main] INFO com.Niki_Old.TestCases.Login - Hindi Radio button showing properly and by default its not selected
2019-08-30 19:22:50,560 [main] INFO com.Niki_Old.TestCases.Login - English Radio button showing properly and by default its not selected
2019-08-30 19:22:50,812 [main] INFO com.Niki_Old.TestCases.Login - Next button is displaying properly at Home Screen
2019-08-30 19:22:54,176 [main] INFO com.Niki_Old.TestCases.Login - Without selecting any Language, NEXT button is not working
2019-08-30 19:22:55,154 [main] INFO com.Niki_Old.TestCases.Login - Niki Homepage header appeared properly in Hindi
2019-08-30 19:22:55,287 [main] INFO com.Niki_Old.TestCases.Login - Language Instruction Message appears properly in Hindi
2019-08-30 19:22:55,533 [main] INFO com.Niki_Old.TestCases.Login - Next button is displaying properly when Language selected to Hindi
2019-08-30 19:23:09,753 [main] INFO pageObjects.SignUpElements - Phone Number Entered -1234
2019-08-30 19:23:22,757 [main] INFO pageObjects.SignUpElements - Phone Number Entered -9380907374
2019-08-30 19:23:23,494 [main] INFO pageObjects.CommonElements - Clicked Submit Button
2019-08-30 19:23:25,310 [main] INFO pageObjects.SignUpElements - Header On Sent OTP Page We've sent you an OTP
2019-08-30 19:24:00,409 [main] INFO com.Niki_Old.TestCases.Login - GET OTP ON CALL Button displayed
2019-08-30 19:24:01,305 [main] INFO com.Niki_Old.TestCases.Login - Getting OTP Call
2019-08-30 19:36:07,699 [TestNG-tests-1] INFO com.Niki_Old.TestCases.Login - initilizing framework
2019-08-30 19:36:27,261 [TestNG-tests-1] INFO com.Niki_Old.TestCases.Login - TimeOut:30
2019-08-30 19:36:27,680 [TestNG-tests-1] INFO com.Niki_Old.TestCases.Login - Niki Homepage header appeared properly by Default in English
2019-08-30 19:36:27,817 [TestNG-tests-1] INFO com.Niki_Old.TestCases.Login - Language Insturction Message appears properly
2019-08-30 19:36:28,295 [TestNG-tests-1] INFO com.Niki_Old.TestCases.Login - Hindi Radio button showing properly and by default its not selected
2019-08-30 19:36:28,660 [TestNG-tests-1] INFO com.Niki_Old.TestCases.Login - English Radio button showing properly and by default its not selected
2019-08-30 19:36:28,921 [TestNG-tests-1] INFO com.Niki_Old.TestCases.Login - Next button is displaying properly at Home Screen
2019-08-30 19:36:32,309 [TestNG-tests-1] INFO com.Niki_Old.TestCases.Login - Without selecting any Language, NEXT button is not working
2019-08-30 19:36:33,305 [TestNG-tests-1] INFO com.Niki_Old.TestCases.Login - Niki Homepage header appeared properly in Hindi
2019-08-30 19:36:33,435 [TestNG-tests-1] INFO com.Niki_Old.TestCases.Login - Language Instruction Message appears properly in Hindi
2019-08-30 19:36:33,689 [TestNG-tests-1] INFO com.Niki_Old.TestCases.Login - Next button is displaying properly when Language selected to Hindi
2019-08-30 19:36:47,933 [TestNG-tests-1] INFO pageObjects.SignUpElements - Phone Number Entered -1234
2019-08-30 19:37:00,246 [TestNG-tests-1] INFO pageObjects.SignUpElements - Phone Number Entered -9380907374
2019-08-30 19:37:00,993 [TestNG-tests-1] INFO pageObjects.CommonElements - Clicked Submit Button
2019-08-30 19:37:02,733 [TestNG-tests-1] INFO pageObjects.SignUpElements - Header On Sent OTP Page We've sent you an OTP
2019-08-30 19:37:37,828 [TestNG-tests-1] INFO com.Niki_Old.TestCases.Login - GET OTP ON CALL Button displayed
2019-08-30 19:37:38,704 [TestNG-tests-1] INFO com.Niki_Old.TestCases.Login - Getting OTP Call
2019-08-31 19:48:06,512 [TestNG-tests-1] INFO com.Niki_Old.TestCases.Login - initilizing framework
2019-08-31 19:48:27,536 [TestNG-tests-1] INFO com.Niki_Old.TestCases.Login - TimeOut:30
2019-08-31 19:48:27,866 [TestNG-tests-1] INFO com.Niki_Old.TestCases.Login - Niki Homepage header appeared properly by Default in English
2019-08-31 19:48:28,038 [TestNG-tests-1] INFO com.Niki_Old.TestCases.Login - Language Insturction Message appears properly
2019-08-31 19:48:28,499 [TestNG-tests-1] INFO com.Niki_Old.TestCases.Login - Hindi Radio button showing properly and by default its not selected
2019-08-31 19:48:28,891 [TestNG-tests-1] INFO com.Niki_Old.TestCases.Login - English Radio button showing properly and by default its not selected
2019-08-31 19:48:29,127 [TestNG-tests-1] INFO com.Niki_Old.TestCases.Login - Next button is displaying properly at Home Screen
2019-08-31 19:48:32,535 [TestNG-tests-1] INFO com.Niki_Old.TestCases.Login - Without selecting any Language, NEXT button is not working
2019-08-31 19:48:33,615 [TestNG-tests-1] INFO com.Niki_Old.TestCases.Login - Niki Homepage header appeared properly in Hindi
2019-08-31 19:48:33,779 [TestNG-tests-1] INFO com.Niki_Old.TestCases.Login - Language Instruction Message appears properly in Hindi
2019-08-31 19:48:34,073 [TestNG-tests-1] INFO com.Niki_Old.TestCases.Login - Next button is displaying properly when Language selected to Hindi
2019-08-31 19:48:49,014 [TestNG-tests-1] INFO pageObjects.SignUpElements - Phone Number Entered -1234
2019-08-31 19:49:01,262 [TestNG-tests-1] INFO pageObjects.SignUpElements - Phone Number Entered -9380907374
2019-08-31 19:49:02,028 [TestNG-tests-1] INFO pageObjects.CommonElements - Clicked Submit Button
2019-08-31 19:49:04,570 [TestNG-tests-1] INFO pageObjects.SignUpElements - Header On Sent OTP Page We've sent you an OTP
2019-08-31 19:49:39,664 [TestNG-tests-1] INFO com.Niki_Old.TestCases.Login - GET OTP ON CALL Button displayed
2019-08-31 19:49:40,521 [TestNG-tests-1] INFO com.Niki_Old.TestCases.Login - Getting OTP Call
2019-09-03 11:06:05,832 [main] INFO com.Niki_Old.TestCases.Login - initilizing framework
2019-09-03 11:06:31,938 [main] INFO com.Niki_Old.TestCases.Login - TimeOut:30
2019-09-03 11:06:42,173 [main] INFO com.Niki_Old.TestCases.Login - Niki Homepage header appeared properly by Default in English
2019-09-03 11:06:43,654 [main] INFO com.Niki_Old.TestCases.Login - Language Insturction Message appears properly
2019-09-03 11:06:52,975 [main] INFO com.Niki_Old.TestCases.Login - Hindi Radio button showing properly and by default its not selected
2019-09-03 11:06:58,687 [main] INFO com.Niki_Old.TestCases.Login - English Radio button showing properly and by default its not selected
2019-09-03 11:07:02,481 [main] INFO com.Niki_Old.TestCases.Login - Next button is displaying properly at Home Screen
2019-09-03 11:07:11,301 [main] INFO com.Niki_Old.TestCases.Login - Without selecting any Language, NEXT button is not working
2019-09-03 11:07:26,343 [main] INFO com.Niki_Old.TestCases.Login - Niki Homepage header appeared properly in Hindi
2019-09-03 11:07:27,848 [main] INFO com.Niki_Old.TestCases.Login - Language Instruction Message appears properly in Hindi
2019-09-03 11:07:32,036 [main] INFO com.Niki_Old.TestCases.Login - Next button is displaying properly when Language selected to Hindi
2019-09-03 11:08:06,693 [main] INFO pageObjects.SignUpElements - Phone Number Entered -1234
2019-09-03 11:08:23,129 [main] INFO pageObjects.SignUpElements - Phone Number Entered -9380907374
2019-09-03 11:08:23,916 [main] INFO pageObjects.CommonElements - Clicked Submit Button
2019-09-03 11:08:35,409 [main] INFO pageObjects.SignUpElements - Header On Sent OTP Page We've sent you an OTP
2019-09-03 11:09:10,531 [main] INFO com.Niki_Old.TestCases.Login - GET OTP ON CALL Button displayed
2019-09-03 11:09:11,418 [main] INFO com.Niki_Old.TestCases.Login - Getting OTP Call
2019-09-03 11:10:57,048 [main] INFO com.Niki_Old.TestCases.Login - initilizing framework
2019-09-03 11:11:14,462 [main] INFO com.Niki_Old.TestCases.Login - TimeOut:30
2019-09-03 11:12:06,938 [main] INFO com.Niki_Old.TestCases.Login - initilizing framework
2019-09-03 11:12:30,035 [main] INFO com.Niki_Old.TestCases.Login - TimeOut:30
2019-09-03 11:12:30,487 [main] INFO com.Niki_Old.TestCases.Login - Niki Homepage header appeared properly by Default in English
2019-09-03 11:12:30,630 [main] INFO com.Niki_Old.TestCases.Login - Language Insturction Message appears properly
2019-09-03 11:12:31,064 [main] INFO com.Niki_Old.TestCases.Login - Hindi Radio button showing properly and by default its not selected
2019-09-03 11:12:31,491 [main] INFO com.Niki_Old.TestCases.Login - English Radio button showing properly and by default its not selected
2019-09-03 11:12:31,821 [main] INFO com.Niki_Old.TestCases.Login - Next button is displaying properly at Home Screen
2019-09-03 11:12:35,252 [main] INFO com.Niki_Old.TestCases.Login - Without selecting any Language, NEXT button is not working
2019-09-03 11:12:36,277 [main] INFO com.Niki_Old.TestCases.Login - Niki Homepage header appeared properly in Hindi
2019-09-03 11:12:36,435 [main] INFO com.Niki_Old.TestCases.Login - Language Instruction Message appears properly in Hindi
2019-09-03 11:12:36,715 [main] INFO com.Niki_Old.TestCases.Login - Next button is displaying properly when Language selected to Hindi
2019-09-03 11:13:02,184 [main] INFO pageObjects.SignUpElements - Phone Number Entered -1234
2019-09-03 11:13:14,483 [main] INFO pageObjects.SignUpElements - Phone Number Entered -9380907374
2019-09-03 11:13:15,247 [main] INFO pageObjects.CommonElements - Clicked Submit Button
2019-09-03 11:13:17,071 [main] INFO pageObjects.SignUpElements - Header On Sent OTP Page We've sent you an OTP
2019-09-03 11:13:52,166 [main] INFO com.Niki_Old.TestCases.Login - GET OTP ON CALL Button displayed
2019-09-03 11:13:53,034 [main] INFO com.Niki_Old.TestCases.Login - Getting OTP Call
2019-09-03 11:56:07,371 [main] INFO com.Niki_Old.TestCases.Login - initilizing framework
2019-09-03 11:56:29,170 [main] INFO com.Niki_Old.TestCases.Login - TimeOut:30
2019-09-03 11:56:39,579 [main] INFO com.Niki_Old.TestCases.Login - Niki Homepage header appeared properly by Default in English
2019-09-03 11:56:41,081 [main] INFO com.Niki_Old.TestCases.Login - Language Insturction Message appears properly
2019-09-03 11:56:44,106 [main] INFO com.Niki_Old.TestCases.Login - Hindi Radio button showing properly and by default its not selected
2019-09-03 11:56:47,518 [main] INFO com.Niki_Old.TestCases.Login - English Radio button showing properly and by default its not selected
2019-09-03 11:56:50,041 [main] INFO com.Niki_Old.TestCases.Login - Next button is displaying properly at Home Screen
2019-09-03 11:56:57,220 [main] INFO com.Niki_Old.TestCases.Login - Without selecting any Language, NEXT button is not working
2019-09-03 11:57:09,212 [main] INFO com.Niki_Old.TestCases.Login - Niki Homepage header appeared properly in Hindi
2019-09-03 11:57:11,729 [main] INFO com.Niki_Old.TestCases.Login - Language Instruction Message appears properly in Hindi
2019-09-03 11:57:16,064 [main] INFO com.Niki_Old.TestCases.Login - Next button is displaying properly when Language selected to Hindi
2019-09-03 11:57:59,396 [main] INFO pageObjects.SignUpElements - Phone Number Entered -1234
2019-09-03 11:58:18,693 [main] INFO pageObjects.SignUpElements - Phone Number Entered -9380907374
2019-09-03 11:58:19,455 [main] INFO pageObjects.CommonElements - Clicked Submit Button
2019-09-03 12:03:32,740 [main] INFO com.Niki_Old.TestCases.Login - initilizing framework
2019-09-03 12:03:56,864 [main] INFO com.Niki_Old.TestCases.Login - TimeOut:30
2019-09-03 12:04:04,618 [main] INFO com.Niki_Old.TestCases.Login - Niki Homepage header appeared properly by Default in English
2019-09-03 12:04:06,105 [main] INFO com.Niki_Old.TestCases.Login - Language Insturction Message appears properly
2019-09-03 12:04:09,874 [main] INFO com.Niki_Old.TestCases.Login - Hindi Radio button showing properly and by default its not selected
2019-09-03 12:04:14,229 [main] INFO com.Niki_Old.TestCases.Login - English Radio button showing properly and by default its not selected
2019-09-03 12:04:17,367 [main] INFO com.Niki_Old.TestCases.Login - Next button is displaying properly at Home Screen
2019-09-03 12:04:25,322 [main] INFO com.Niki_Old.TestCases.Login - Without selecting any Language, NEXT button is not working
2019-09-03 12:04:40,349 [main] INFO com.Niki_Old.TestCases.Login - Niki Homepage header appeared properly in Hindi
2019-09-03 12:04:42,083 [main] INFO com.Niki_Old.TestCases.Login - Language Instruction Message appears properly in Hindi
2019-09-03 12:04:44,957 [main] INFO com.Niki_Old.TestCases.Login - Next button is displaying properly when Language selected to Hindi
2019-09-03 12:05:19,037 [main] INFO pageObjects.SignUpElements - Phone Number Entered -1234
2019-09-03 12:05:40,745 [main] INFO pageObjects.SignUpElements - Phone Number Entered -9380907374
2019-09-03 12:05:41,498 [main] INFO pageObjects.CommonElements - Clicked Submit Button
2019-09-03 12:06:46,968 [main] INFO com.Niki_Old.TestCases.Login - GET OTP ON CALL Button displayed
2019-09-03 12:06:47,869 [main] INFO com.Niki_Old.TestCases.Login - Getting OTP Call
2019-09-03 12:08:03,621 [main] INFO pageObjects.SignUpElements - Alpha Numeric Key not allowed
2019-09-03 12:09:02,036 [main] INFO pageObjects.SignUpElements - Wrong OTP entered
2019-09-03 12:09:34,865 [main] INFO pageObjects.SignUpElements - User wants to change the phone number
2019-09-03 12:10:26,046 [main] INFO pageObjects.SignUpElements - Re Entered Phone Number
2019-09-03 12:10:45,448 [main] INFO pageObjects.CommonElements - Clicked Submit Button
2019-09-03 12:11:27,223 [main] INFO pageObjects.SignUpElements - Entered OTP
2019-09-03 12:13:57,010 [main] INFO pageObjects.CommonElements - App relaunched successfully for Popup
2019-09-03 12:14:28,454 [main] INFO pageObjects.SignUpElements - App Allow Button Clicked
2019-09-03 12:15:11,642 [main] INFO pageObjects.CommonElements - App relaunched successfully for Popup
2019-09-03 12:15:57,494 [main] INFO pageObjects.CommonElements - App relaunched successfully for Popup
2019-09-03 12:44:11,762 [main] INFO com.Niki_Old.TestCases.Login - initilizing framework
2019-09-03 12:44:31,624 [main] INFO com.Niki_Old.TestCases.Login - TimeOut:30
2019-09-03 12:45:18,797 [main] INFO com.Niki_Old.TestCases.Login - initilizing framework
2019-09-03 12:45:42,507 [main] INFO com.Niki_Old.TestCases.Login - TimeOut:30
2019-09-03 12:45:42,932 [main] INFO com.Niki_Old.TestCases.Login - Niki Homepage header appeared properly by Default in English
2019-09-03 12:45:43,214 [main] INFO com.Niki_Old.TestCases.Login - Language Insturction Message appears properly
2019-09-03 12:45:43,706 [main] INFO com.Niki_Old.TestCases.Login - Hindi Radio button showing properly and by default its not selected
2019-09-03 12:45:44,116 [main] INFO com.Niki_Old.TestCases.Login - English Radio button showing properly and by default its not selected
2019-09-03 12:45:44,357 [main] INFO com.Niki_Old.TestCases.Login - Next button is displaying properly at Home Screen
2019-09-03 12:45:47,708 [main] INFO com.Niki_Old.TestCases.Login - Without selecting any Language, NEXT button is not working
2019-09-03 12:45:48,654 [main] INFO com.Niki_Old.TestCases.Login - Niki Homepage header appeared properly in Hindi
2019-09-03 12:45:48,771 [main] INFO com.Niki_Old.TestCases.Login - Language Instruction Message appears properly in Hindi
2019-09-03 12:45:49,015 [main] INFO com.Niki_Old.TestCases.Login - Next button is displaying properly when Language selected to Hindi
2019-09-03 12:46:09,919 [main] INFO pageObjects.SignUpElements - Phone Number Entered -1234
2019-09-03 12:46:22,209 [main] INFO pageObjects.SignUpElements - Phone Number Entered -9380907374
2019-09-03 12:46:22,984 [main] INFO pageObjects.CommonElements - Clicked Submit Button
2019-09-03 12:47:28,547 [main] INFO com.Niki_Old.TestCases.Login - GET OTP ON CALL Button displayed
2019-09-03 12:47:29,491 [main] INFO com.Niki_Old.TestCases.Login - Getting OTP Call
2019-09-03 12:47:50,513 [main] INFO pageObjects.SignUpElements - Alpha Numeric Key not allowed
2019-09-03 12:48:01,971 [main] INFO pageObjects.SignUpElements - Wrong OTP entered
2019-09-03 12:48:01,981 [main] INFO pageObjects.SignUpElements - User wants to change the phone number
2019-09-03 12:48:15,680 [main] INFO pageObjects.SignUpElements - Re Entered Phone Number
2019-09-03 12:48:20,911 [main] INFO pageObjects.CommonElements - Clicked Submit Button
2019-09-03 12:48:33,830 [main] INFO pageObjects.SignUpElements - Entered OTP
2019-09-03 12:48:36,104 [main] INFO com.Niki_Old.TestCases.Login - 'Get Started' Screen appeared properly
2019-09-03 12:49:02,834 [main] INFO pageObjects.CommonElements - App relaunched successfully for Popup
2019-09-03 12:49:16,100 [main] INFO pageObjects.SignUpElements - App Allow Button Clicked
2019-09-03 12:49:37,258 [main] INFO pageObjects.CommonElements - App relaunched successfully for Popup
2019-09-03 12:49:48,635 [main] INFO pageObjects.CommonElements - App relaunched successfully for Popup
2019-09-03 12:49:59,839 [main] INFO pageObjects.CommonElements - App relaunched successfully for Popup
2019-09-03 12:50:11,162 [main] INFO pageObjects.CommonElements - App relaunched successfully for Popup
2019-09-03 13:16:23,931 [main] INFO com.Niki_Old.TestCases.AboutAndUpdate - initilizing framework
2019-09-03 13:16:43,947 [main] INFO com.Niki_Old.TestCases.AboutAndUpdate - TimeOut:30
2019-09-03 13:16:52,668 [main] INFO pageObjects.ChatPageHeader - Clicking on Profile Button
2019-09-03 13:21:27,217 [main] INFO com.Niki_Old.TestCases.AboutAndUpdate - initilizing framework
2019-09-03 13:22:08,040 [main] INFO com.Niki_Old.TestCases.AboutAndUpdate - initilizing framework
2019-09-03 13:22:26,658 [main] INFO com.Niki_Old.TestCases.AboutAndUpdate - TimeOut:30
2019-09-03 13:22:38,280 [main] INFO pageObjects.ChatPageHeader - Clicking on Profile Button
2019-09-03 14:27:58,891 [main] INFO com.Niki_Old.TestCases.AboutAndUpdate - initilizing framework
2019-09-03 14:28:15,667 [main] INFO com.Niki_Old.TestCases.AboutAndUpdate - TimeOut:30
2019-09-03 14:28:29,702 [main] INFO pageObjects.ChatPageHeader - Clicking on Profile Button
2019-09-03 14:30:42,165 [main] INFO com.Niki_Old.TestCases.AboutAndUpdate - initilizing framework
2019-09-03 14:31:05,309 [main] INFO com.Niki_Old.TestCases.AboutAndUpdate - TimeOut:30
2019-09-03 14:31:14,193 [main] INFO pageObjects.ChatPageHeader - Clicking on Profile Button
2019-09-03 14:31:35,266 [main] INFO com.Niki_Old.TestCases.AboutAndUpdate - 'About' Link Displays
2019-09-03 14:31:42,871 [main] INFO com.Niki_Old.TestCases.AboutAndUpdate - 'About' Link Name is displays correct name
2019-09-03 14:39:52,654 [main] INFO com.Niki_Old.TestCases.AboutAndUpdate - initilizing framework
2019-09-03 14:40:08,670 [main] INFO com.Niki_Old.TestCases.AboutAndUpdate - TimeOut:30
2019-09-03 14:40:33,106 [main] INFO pageObjects.ChatPageHeader - Clicking on Profile Button
2019-09-03 14:40:43,200 [main] INFO com.Niki_Old.TestCases.AboutAndUpdate - 'About' Link Displays
2019-09-03 14:40:49,147 [main] INFO com.Niki_Old.TestCases.AboutAndUpdate - 'About' Link Name is displays correct name
2019-09-03 14:41:33,243 [main] INFO com.Niki_Old.TestCases.AboutAndUpdate - App Version showing Correctly
2019-09-03 14:47:05,898 [main] INFO com.Niki_Old.TestCases.AboutAndUpdate - initilizing framework
2019-09-03 14:47:21,759 [main] INFO com.Niki_Old.TestCases.AboutAndUpdate - TimeOut:30
2019-09-03 14:47:21,816 [main] INFO pageObjects.ChatPageHeader - Clicking on Profile Button
2019-09-03 14:47:25,589 [main] INFO com.Niki_Old.TestCases.AboutAndUpdate - 'About' Link Displays
2019-09-03 14:47:25,674 [main] INFO com.Niki_Old.TestCases.AboutAndUpdate - 'About' Link Name is displays correct name
2019-09-03 14:47:58,240 [main] INFO com.Niki_Old.TestCases.AboutAndUpdate - App Version showing Correctly
2019-09-03 14:49:19,791 [main] INFO com.Niki_Old.TestCases.AboutAndUpdate - initilizing framework
2019-09-03 14:49:39,356 [main] INFO com.Niki_Old.TestCases.AboutAndUpdate - TimeOut:30
2019-09-03 14:49:39,421 [main] INFO pageObjects.ChatPageHeader - Clicking on Profile Button
2019-09-03 14:49:42,056 [main] INFO com.Niki_Old.TestCases.AboutAndUpdate - 'About' Link Displays
2019-09-03 14:49:42,133 [main] INFO com.Niki_Old.TestCases.AboutAndUpdate - 'About' Link Name is displays correct name
2019-09-03 14:49:54,826 [main] INFO com.Niki_Old.TestCases.AboutAndUpdate - App Version showing Correctly
2019-09-03 14:53:08,556 [main] INFO com.Niki_Old.TestCases.AboutAndUpdate - initilizing framework
2019-09-03 14:53:24,788 [main] INFO com.Niki_Old.TestCases.AboutAndUpdate - TimeOut:30
2019-09-03 14:53:24,851 [main] INFO pageObjects.ChatPageHeader - Clicking on Profile Button
2019-09-03 14:53:27,988 [main] INFO com.Niki_Old.TestCases.AboutAndUpdate - 'About' Link Displays
2019-09-03 14:53:28,081 [main] INFO com.Niki_Old.TestCases.AboutAndUpdate - 'About' Link Name is displays correct name
2019-09-03 14:53:49,677 [main] INFO com.Niki_Old.TestCases.AboutAndUpdate - App Version showing Correctly
2019-09-03 14:54:11,858 [main] INFO com.Niki_Old.TestCases.AboutAndUpdate - Its moved to Support page
2019-09-03 14:54:14,164 [main] INFO com.Niki_Old.TestCases.AboutAndUpdate - Back Button appeared properly
2019-09-03 14:54:20,706 [main] INFO com.Niki_Old.TestCases.AboutAndUpdate - Its moved back to About Page from 'How Niki Works' page
2019-09-03 15:04:27,564 [main] INFO com.Niki_Old.TestCases.AboutAndUpdate - initilizing framework
2019-09-03 15:04:43,684 [main] INFO com.Niki_Old.TestCases.AboutAndUpdate - TimeOut:30
2019-09-03 15:04:43,753 [main] INFO pageObjects.ChatPageHeader - Clicking on Profile Button
2019-09-03 15:04:47,816 [main] INFO com.Niki_Old.TestCases.AboutAndUpdate - 'About' Link Displays
2019-09-03 15:04:48,025 [main] INFO com.Niki_Old.TestCases.AboutAndUpdate - 'About' Link Name is displays correct name
2019-09-03 15:05:03,905 [main] INFO com.Niki_Old.TestCases.AboutAndUpdate - App Version showing Correctly
2019-09-03 15:05:25,547 [main] INFO com.Niki_Old.TestCases.AboutAndUpdate - Its moved to Support page
2019-09-03 15:05:26,609 [main] INFO com.Niki_Old.TestCases.AboutAndUpdate - Back Button appeared properly
2019-09-03 15:05:31,750 [main] INFO com.Niki_Old.TestCases.AboutAndUpdate - Its moved back to About Page from 'How Niki Works' page
2019-09-03 15:05:48,750 [main] INFO com.Niki_Old.TestCases.AboutAndUpdate - Its moved to Terms and Conditition page
2019-09-03 15:05:50,489 [main] INFO com.Niki_Old.TestCases.AboutAndUpdate - Back button appeared properly
2019-09-03 15:05:50,826 [main] INFO pageObjects.ChatPageHeader - Clicking on Profile Button
2019-09-03 15:13:27,294 [main] INFO com.Niki_Old.TestCases.AboutAndUpdate - initilizing framework
2019-09-03 15:13:43,665 [main] INFO com.Niki_Old.TestCases.AboutAndUpdate - TimeOut:30
2019-09-03 15:13:43,750 [main] INFO pageObjects.ChatPageHeader - Clicking on Profile Button
2019-09-03 15:13:45,503 [main] INFO com.Niki_Old.TestCases.AboutAndUpdate - 'About' Link Displays
2019-09-03 15:13:45,584 [main] INFO com.Niki_Old.TestCases.AboutAndUpdate - 'About' Link Name is displays correct name
2019-09-03 15:13:53,371 [main] INFO com.Niki_Old.TestCases.AboutAndUpdate - App Version showing Correctly
2019-09-03 15:14:03,492 [main] INFO com.Niki_Old.TestCases.AboutAndUpdate - Its moved to Support page
2019-09-03 15:14:04,693 [main] INFO com.Niki_Old.TestCases.AboutAndUpdate - Back Button appeared properly
2019-09-03 15:14:10,325 [main] INFO com.Niki_Old.TestCases.AboutAndUpdate - Its moved back to About Page from 'How Niki Works' page
2019-09-03 15:14:28,336 [main] INFO com.Niki_Old.TestCases.AboutAndUpdate - Its moved to Terms and Conditition page
2019-09-03 15:14:29,369 [main] INFO com.Niki_Old.TestCases.AboutAndUpdate - Back button appeared properly
2019-09-03 15:14:29,702 [main] INFO pageObjects.ChatPageHeader - Clicking on Profile Button
2019-09-03 15:15:05,427 [main] INFO com.Niki_Old.TestCases.AboutAndUpdate - Mail details are correct
2019-09-03 15:19:46,203 [main] INFO com.Niki_Old.TestCases.AboutAndUpdate - initilizing framework
2019-09-03 15:20:05,124 [main] INFO com.Niki_Old.TestCases.AboutAndUpdate - TimeOut:30
2019-09-03 15:21:04,796 [main] INFO com.Niki_Old.TestCases.AboutAndUpdate - initilizing framework
2019-09-03 15:21:27,607 [main] INFO com.Niki_Old.TestCases.AboutAndUpdate - TimeOut:30
2019-09-03 15:21:27,679 [main] INFO pageObjects.ChatPageHeader - Clicking on Profile Button
2019-09-03 15:21:29,977 [main] INFO com.Niki_Old.TestCases.AboutAndUpdate - 'About' Link Displays
2019-09-03 15:21:30,054 [main] INFO com.Niki_Old.TestCases.AboutAndUpdate - 'About' Link Name is displays correct name
2019-09-03 15:21:37,903 [main] INFO com.Niki_Old.TestCases.AboutAndUpdate - App Version showing Correctly
2019-09-03 15:21:46,313 [main] INFO com.Niki_Old.TestCases.AboutAndUpdate - Its moved to Support page
2019-09-03 15:21:46,415 [main] INFO com.Niki_Old.TestCases.AboutAndUpdate - Back Button appeared properly
2019-09-03 15:21:49,543 [main] INFO com.Niki_Old.TestCases.AboutAndUpdate - Its moved back to About Page from 'How Niki Works' page
2019-09-03 15:21:54,783 [main] INFO com.Niki_Old.TestCases.AboutAndUpdate - Its moved to Terms and Conditition page
2019-09-03 15:21:54,882 [main] INFO com.Niki_Old.TestCases.AboutAndUpdate - Back button appeared properly
2019-09-03 15:21:54,882 [main] INFO pageObjects.ChatPageHeader - Clicking on Profile Button
2019-09-03 15:22:14,077 [main] INFO com.Niki_Old.TestCases.AboutAndUpdate - Mail details are correct
2019-09-03 15:23:16,900 [main] INFO pageObjects.ChatPageHeader - Clicking on Profile Button
2019-09-03 15:28:02,151 [main] INFO com.Niki_Old.TestCases.AboutAndUpdate - initilizing framework
2019-09-03 15:28:18,043 [main] INFO com.Niki_Old.TestCases.AboutAndUpdate - TimeOut:30
2019-09-03 15:28:18,114 [main] INFO pageObjects.ChatPageHeader - Clicking on Profile Button
2019-09-03 15:28:20,606 [main] INFO com.Niki_Old.TestCases.AboutAndUpdate - 'About' Link Displays
2019-09-03 15:28:20,684 [main] INFO com.Niki_Old.TestCases.AboutAndUpdate - 'About' Link Name is displays correct name
2019-09-03 15:28:28,482 [main] INFO com.Niki_Old.TestCases.AboutAndUpdate - App Version showing Correctly
2019-09-03 15:28:34,291 [main] INFO com.Niki_Old.TestCases.AboutAndUpdate - Its moved to Support page
2019-09-03 15:28:34,373 [main] INFO com.Niki_Old.TestCases.AboutAndUpdate - Back Button appeared properly
2019-09-03 15:28:37,488 [main] INFO com.Niki_Old.TestCases.AboutAndUpdate - Its moved back to About Page from 'How Niki Works' page
2019-09-03 15:28:41,783 [main] INFO com.Niki_Old.TestCases.AboutAndUpdate - Its moved to Terms and Conditition page
2019-09-03 15:28:41,883 [main] INFO com.Niki_Old.TestCases.AboutAndUpdate - Back button appeared properly
2019-09-03 15:28:41,883 [main] INFO pageObjects.ChatPageHeader - Clicking on Profile Button
2019-09-03 15:29:00,336 [main] INFO com.Niki_Old.TestCases.AboutAndUpdate - Mail details are correct
2019-09-03 15:29:36,572 [main] INFO pageObjects.ChatPageHeader - Clicking on Profile Button
2019-09-03 15:44:02,382 [TestNG-tests-1] INFO com.Niki_Old.TestCases.Login - initilizing framework
2019-09-03 15:44:20,701 [TestNG-tests-1] INFO com.Niki_Old.TestCases.Login - TimeOut:30
2019-09-03 15:44:21,184 [TestNG-tests-1] INFO com.Niki_Old.TestCases.Login - Niki Homepage header appeared properly by Default in English
2019-09-03 15:44:21,321 [TestNG-tests-1] INFO com.Niki_Old.TestCases.Login - Language Insturction Message appears properly
2019-09-03 15:44:21,738 [TestNG-tests-1] INFO com.Niki_Old.TestCases.Login - Hindi Radio button showing properly and by default its not selected
2019-09-03 15:44:22,206 [TestNG-tests-1] INFO com.Niki_Old.TestCases.Login - English Radio button showing properly and by default its not selected
2019-09-03 15:44:22,434 [TestNG-tests-1] INFO com.Niki_Old.TestCases.Login - Next button is displaying properly at Home Screen
2019-09-03 15:44:25,817 [TestNG-tests-1] INFO com.Niki_Old.TestCases.Login - Without selecting any Language, NEXT button is not working
2019-09-03 15:44:25,835 [TestNG-tests-1] INFO pageObjects.ChatPageHeader - Clicking on Profile Button
2019-09-03 15:44:57,215 [TestNG-tests-1] INFO com.Niki_Old.TestCases.Login - Niki Homepage header appeared properly in Hindi
2019-09-03 15:44:57,353 [TestNG-tests-1] INFO com.Niki_Old.TestCases.Login - Language Instruction Message appears properly in Hindi
2019-09-03 15:44:57,591 [TestNG-tests-1] INFO com.Niki_Old.TestCases.Login - Next button is displaying properly when Language selected to Hindi
2019-09-03 15:45:47,682 [TestNG-tests-1] INFO pageObjects.SignUpElements - Phone Number Entered -1234
2019-09-03 15:46:30,297 [TestNG-tests-1] INFO pageObjects.SignUpElements - Phone Number Entered -9380907374
2019-09-03 15:47:30,802 [TestNG-tests-1] INFO pageObjects.CommonElements - Clicked Submit Button
2019-09-03 15:47:30,806 [TestNG-tests-1] INFO pageObjects.ChatPageHeader - Clicking on Profile Button
2019-09-03 15:48:01,438 [TestNG-tests-1] INFO pageObjects.SignUpElements - Header On Sent OTP Page We've sent you an OTP
2019-09-03 15:49:06,605 [TestNG-tests-1] INFO com.Niki_Old.TestCases.Login - GET OTP ON CALL Button displayed
2019-09-03 15:49:07,512 [TestNG-tests-1] INFO com.Niki_Old.TestCases.Login - Getting OTP Call
2019-09-03 15:49:27,139 [TestNG-tests-1] INFO pageObjects.SignUpElements - Alpha Numeric Key not allowed
2019-09-03 15:49:38,507 [TestNG-tests-1] INFO pageObjects.SignUpElements - Wrong OTP entered
2019-09-03 15:49:38,511 [TestNG-tests-1] INFO pageObjects.SignUpElements - User wants to change the phone number
2019-09-03 15:49:52,172 [TestNG-tests-1] INFO pageObjects.SignUpElements - Re Entered Phone Number
2019-09-03 15:49:57,393 [TestNG-tests-1] INFO pageObjects.CommonElements - Clicked Submit Button
2019-09-03 15:50:10,116 [TestNG-tests-1] INFO pageObjects.SignUpElements - Entered OTP
2019-09-03 15:50:11,919 [TestNG-tests-1] INFO com.Niki_Old.TestCases.Login - 'Get Started' Screen appeared properly
2019-09-03 15:50:38,882 [TestNG-tests-1] INFO pageObjects.CommonElements - App relaunched successfully for Popup
2019-09-03 15:50:52,104 [TestNG-tests-1] INFO pageObjects.SignUpElements - App Allow Button Clicked
2019-09-03 15:51:13,407 [TestNG-tests-1] INFO pageObjects.CommonElements - App relaunched successfully for Popup
2019-09-03 15:51:25,001 [TestNG-tests-1] INFO pageObjects.CommonElements - App relaunched successfully for Popup
2019-09-03 15:51:36,300 [TestNG-tests-1] INFO pageObjects.CommonElements - App relaunched successfully for Popup
2019-09-03 15:51:47,665 [TestNG-tests-1] INFO pageObjects.CommonElements - App relaunched successfully for Popup
2019-09-03 15:54:49,348 [TestNG-tests-1] INFO com.Niki_Old.TestCases.Login - initilizing framework
2019-09-03 15:55:05,972 [TestNG-tests-1] INFO com.Niki_Old.TestCases.Login - TimeOut:30
2019-09-03 15:58:29,448 [TestNG-tests-1] INFO pageObjects.ChatPageHeader - Clicking on Profile Button
2019-09-03 16:01:02,869 [TestNG-tests-1] INFO com.Niki_Old.TestCases.AboutAndUpdate - initilizing framework
2019-09-03 16:01:18,229 [TestNG-tests-1] INFO com.Niki_Old.TestCases.AboutAndUpdate - TimeOut:30
2019-09-03 16:01:26,713 [TestNG-tests-1] INFO pageObjects.ChatPageHeader - Clicking on Profile Button
2019-09-03 16:01:35,812 [TestNG-tests-1] INFO com.Niki_Old.TestCases.AboutAndUpdate - 'About' Link Displays
2019-09-03 16:01:37,389 [TestNG-tests-1] INFO com.Niki_Old.TestCases.AboutAndUpdate - 'About' Link Name is displays correct name
2019-09-03 16:01:52,321 [TestNG-tests-1] INFO com.Niki_Old.TestCases.AboutAndUpdate - App Version showing Correctly
2019-09-03 16:02:05,223 [TestNG-tests-1] INFO com.Niki_Old.TestCases.AboutAndUpdate - Its moved to Support page
2019-09-03 16:02:05,296 [TestNG-tests-1] INFO com.Niki_Old.TestCases.AboutAndUpdate - Back Button appeared properly
2019-09-03 16:02:08,424 [TestNG-tests-1] INFO com.Niki_Old.TestCases.AboutAndUpdate - Its moved back to About Page from 'How Niki Works' page
2019-09-03 16:02:13,513 [TestNG-tests-1] INFO com.Niki_Old.TestCases.AboutAndUpdate - Its moved to Terms and Conditition page
2019-09-03 16:02:13,604 [TestNG-tests-1] INFO com.Niki_Old.TestCases.AboutAndUpdate - Back button appeared properly
2019-09-03 16:02:13,604 [TestNG-tests-1] INFO pageObjects.ChatPageHeader - Clicking on Profile Button
2019-09-03 16:02:44,512 [TestNG-tests-1] INFO com.Niki_Old.TestCases.AboutAndUpdate - Mail details are correct
2019-09-03 16:03:17,006 [TestNG-tests-1] INFO pageObjects.ChatPageHeader - Clicking on Profile Button
2019-09-03 16:06:51,027 [TestNG-tests-1] INFO com.Niki_Old.TestCases.Login - initilizing framework
2019-09-03 16:07:07,815 [TestNG-tests-1] INFO com.Niki_Old.TestCases.Login - TimeOut:30
2019-09-03 16:07:23,233 [TestNG-tests-1] INFO com.Niki_Old.TestCases.Login - Niki Homepage header appeared properly by Default in English
2019-09-03 16:07:25,346 [TestNG-tests-1] INFO com.Niki_Old.TestCases.Login - Language Insturction Message appears properly
2019-09-03 16:07:28,190 [TestNG-tests-1] INFO com.Niki_Old.TestCases.Login - Hindi Radio button showing properly and by default its not selected
2019-09-03 16:07:31,363 [TestNG-tests-1] INFO com.Niki_Old.TestCases.Login - English Radio button showing properly and by default its not selected
2019-09-03 16:07:34,567 [TestNG-tests-1] INFO com.Niki_Old.TestCases.Login - Next button is displaying properly at Home Screen
2019-09-03 16:07:40,979 [TestNG-tests-1] INFO com.Niki_Old.TestCases.Login - Without selecting any Language, NEXT button is not working
2019-09-03 16:07:47,554 [TestNG-tests-1] INFO pageObjects.ChatPageHeader - Clicking on Profile Button
2019-09-03 16:13:06,484 [TestNG-tests-1] INFO com.Niki_Old.TestCases.Login - initilizing framework
2019-09-03 16:13:27,343 [TestNG-tests-1] INFO com.Niki_Old.TestCases.Login - TimeOut:30
2019-09-03 16:13:44,916 [TestNG-tests-1] INFO com.Niki_Old.TestCases.Login - Niki Homepage header appeared properly by Default in English
2019-09-03 16:13:48,395 [TestNG-tests-1] INFO com.Niki_Old.TestCases.Login - Language Insturction Message appears properly
2019-09-03 16:13:51,776 [TestNG-tests-1] INFO com.Niki_Old.TestCases.Login - Hindi Radio button showing properly and by default its not selected
2019-09-03 16:13:55,170 [TestNG-tests-1] INFO com.Niki_Old.TestCases.Login - English Radio button showing properly and by default its not selected
2019-09-03 16:13:58,347 [TestNG-tests-1] INFO com.Niki_Old.TestCases.Login - Next button is displaying properly at Home Screen
2019-09-03 16:14:06,116 [TestNG-tests-1] INFO com.Niki_Old.TestCases.Login - Without selecting any Language, NEXT button is not working
2019-09-03 16:17:13,465 [TestNG-tests-1] INFO com.Niki_Old.TestCases.Login - initilizing framework
2019-09-03 16:17:29,347 [TestNG-tests-1] INFO com.Niki_Old.TestCases.Login - TimeOut:30
2019-09-03 16:17:52,078 [TestNG-tests-1] INFO com.Niki_Old.TestCases.Login - Niki Homepage header appeared properly by Default in English
2019-09-03 16:17:55,928 [TestNG-tests-1] INFO com.Niki_Old.TestCases.Login - Language Insturction Message appears properly
2019-09-03 16:18:00,489 [TestNG-tests-1] INFO com.Niki_Old.TestCases.Login - Hindi Radio button showing properly and by default its not selected
2019-09-03 16:18:06,797 [TestNG-tests-1] INFO com.Niki_Old.TestCases.Login - English Radio button showing properly and by default its not selected
2019-09-03 16:18:11,411 [TestNG-tests-1] INFO com.Niki_Old.TestCases.Login - Next button is displaying properly at Home Screen
2019-09-03 16:18:25,216 [TestNG-tests-1] INFO com.Niki_Old.TestCases.Login - Without selecting any Language, NEXT button is not working
2019-09-03 16:18:51,728 [TestNG-tests-1] INFO com.Niki_Old.TestCases.Login - Niki Homepage header appeared properly in Hindi
2019-09-03 16:18:53,487 [TestNG-tests-1] INFO com.Niki_Old.TestCases.Login - Language Instruction Message appears properly in Hindi
2019-09-03 16:18:57,571 [TestNG-tests-1] INFO com.Niki_Old.TestCases.Login - Next button is displaying properly when Language selected to Hindi
2019-09-03 16:19:42,598 [TestNG-tests-1] INFO pageObjects.SignUpElements - Phone Number Entered -1234
2019-09-03 16:20:04,161 [TestNG-tests-1] INFO pageObjects.SignUpElements - Phone Number Entered -9380907374
2019-09-03 16:20:04,941 [TestNG-tests-1] INFO pageObjects.CommonElements - Clicked Submit Button
2019-09-03 16:20:06,839 [TestNG-tests-1] INFO pageObjects.SignUpElements - Header On Sent OTP Page We've sent you an OTP
2019-09-03 16:20:41,964 [TestNG-tests-1] INFO com.Niki_Old.TestCases.Login - GET OTP ON CALL Button displayed
2019-09-03 16:20:42,904 [TestNG-tests-1] INFO com.Niki_Old.TestCases.Login - Getting OTP Call
2019-09-03 16:21:30,411 [TestNG-tests-1] INFO pageObjects.SignUpElements - Alpha Numeric Key not allowed
2019-09-03 16:21:49,639 [TestNG-tests-1] INFO pageObjects.SignUpElements - Wrong OTP entered
2019-09-03 16:21:57,195 [TestNG-tests-1] INFO pageObjects.SignUpElements - User wants to change the phone number
2019-09-03 16:22:44,447 [TestNG-tests-1] INFO pageObjects.SignUpElements - Re Entered Phone Number
2019-09-03 16:22:54,258 [TestNG-tests-1] INFO pageObjects.CommonElements - Clicked Submit Button
2019-09-03 16:23:22,791 [TestNG-tests-1] INFO pageObjects.SignUpElements - Entered OTP
2019-09-03 16:23:35,311 [TestNG-tests-1] INFO com.Niki_Old.TestCases.Login - 'Get Started' Screen appeared properly
2019-09-03 16:24:33,421 [TestNG-tests-1] INFO pageObjects.CommonElements - App relaunched successfully for Popup
2019-09-03 16:24:59,790 [TestNG-tests-1] INFO pageObjects.SignUpElements - App Allow Button Clicked
2019-09-03 16:25:31,907 [TestNG-tests-1] INFO pageObjects.CommonElements - App relaunched successfully for Popup
2019-09-03 16:25:46,838 [TestNG-tests-1] INFO pageObjects.CommonElements - App relaunched successfully for Popup
2019-09-03 16:26:05,131 [TestNG-tests-1] INFO pageObjects.CommonElements - App relaunched successfully for Popup
2019-09-03 16:26:27,077 [TestNG-tests-1] INFO pageObjects.CommonElements - App relaunched successfully for Popup
2019-09-03 16:26:38,780 [TestNG-tests-1] INFO pageObjects.ChatPageHeader - Clicking on Profile Button
2019-09-03 16:26:42,633 [TestNG-tests-1] INFO com.Niki_Old.TestCases.AboutAndUpdate - 'About' Link Displays
2019-09-03 16:26:43,560 [TestNG-tests-1] INFO com.Niki_Old.TestCases.AboutAndUpdate - 'About' Link Name is displays correct name
2019-09-03 16:27:04,488 [TestNG-tests-1] INFO com.Niki_Old.TestCases.AboutAndUpdate - App Version showing Correctly
2019-09-03 16:27:12,268 [TestNG-tests-1] INFO com.Niki_Old.TestCases.AboutAndUpdate - Its moved to Support page
2019-09-03 16:27:12,335 [TestNG-tests-1] INFO com.Niki_Old.TestCases.AboutAndUpdate - Back Button appeared properly
2019-09-03 16:27:15,479 [TestNG-tests-1] INFO com.Niki_Old.TestCases.AboutAndUpdate - Its moved back to About Page from 'How Niki Works' page
2019-09-03 16:27:20,583 [TestNG-tests-1] INFO com.Niki_Old.TestCases.AboutAndUpdate - Its moved to Terms and Conditition page
2019-09-03 16:27:20,682 [TestNG-tests-1] INFO com.Niki_Old.TestCases.AboutAndUpdate - Back button appeared properly
2019-09-03 16:27:20,683 [TestNG-tests-1] INFO pageObjects.ChatPageHeader - Clicking on Profile Button
2019-09-03 16:27:42,291 [TestNG-tests-1] INFO com.Niki_Old.TestCases.AboutAndUpdate - Mail details are correct
2019-09-03 16:28:28,015 [TestNG-tests-1] INFO pageObjects.ChatPageHeader - Clicking on Profile Button
2019-09-03 16:30:14,430 [TestNG-tests-1] INFO com.Niki_Old.TestCases.Login - initilizing framework
2019-09-03 16:30:32,660 [TestNG-tests-1] INFO com.Niki_Old.TestCases.Login - TimeOut:30
2019-09-03 16:30:33,110 [TestNG-tests-1] INFO com.Niki_Old.TestCases.Login - Niki Homepage header appeared properly by Default in English
2019-09-03 16:30:33,382 [TestNG-tests-1] INFO com.Niki_Old.TestCases.Login - Language Insturction Message appears properly
2019-09-03 16:30:33,986 [TestNG-tests-1] INFO com.Niki_Old.TestCases.Login - Hindi Radio button showing properly and by default its not selected
2019-09-03 16:30:34,378 [TestNG-tests-1] INFO com.Niki_Old.TestCases.Login - English Radio button showing properly and by default its not selected
2019-09-03 16:30:34,617 [TestNG-tests-1] INFO com.Niki_Old.TestCases.Login - Next button is displaying properly at Home Screen
2019-09-03 16:30:38,003 [TestNG-tests-1] INFO com.Niki_Old.TestCases.Login - Without selecting any Language, NEXT button is not working
2019-09-03 16:30:39,056 [TestNG-tests-1] INFO com.Niki_Old.TestCases.Login - Niki Homepage header appeared properly in Hindi
2019-09-03 16:30:39,188 [TestNG-tests-1] INFO com.Niki_Old.TestCases.Login - Language Instruction Message appears properly in Hindi
2019-09-03 16:30:39,480 [TestNG-tests-1] INFO com.Niki_Old.TestCases.Login - Next button is displaying properly when Language selected to Hindi
2019-09-03 16:31:00,310 [TestNG-tests-1] INFO pageObjects.SignUpElements - Phone Number Entered -1234
2019-09-03 16:31:12,530 [TestNG-tests-1] INFO pageObjects.SignUpElements - Phone Number Entered -9380907374
2019-09-03 16:31:13,265 [TestNG-tests-1] INFO pageObjects.CommonElements - Clicked Submit Button
2019-09-03 16:31:15,105 [TestNG-tests-1] INFO pageObjects.SignUpElements - Header On Sent OTP Page We've sent you an OTP
2019-09-03 16:31:50,218 [TestNG-tests-1] INFO com.Niki_Old.TestCases.Login - GET OTP ON CALL Button displayed
2019-09-03 16:31:51,142 [TestNG-tests-1] INFO com.Niki_Old.TestCases.Login - Getting OTP Call
2019-09-03 16:32:10,645 [TestNG-tests-1] INFO pageObjects.SignUpElements - Alpha Numeric Key not allowed
2019-09-03 16:32:22,310 [TestNG-tests-1] INFO pageObjects.SignUpElements - Wrong OTP entered
2019-09-03 16:32:22,322 [TestNG-tests-1] INFO pageObjects.SignUpElements - User wants to change the phone number
2019-09-03 16:32:36,006 [TestNG-tests-1] INFO pageObjects.SignUpElements - Re Entered Phone Number
2019-09-03 16:32:41,222 [TestNG-tests-1] INFO pageObjects.CommonElements - Clicked Submit Button
2019-09-03 16:32:55,006 [TestNG-tests-1] INFO pageObjects.SignUpElements - Entered OTP
2019-09-03 16:32:56,977 [TestNG-tests-1] INFO com.Niki_Old.TestCases.Login - 'Get Started' Screen appeared properly
2019-09-03 16:33:23,304 [TestNG-tests-1] INFO pageObjects.CommonElements - App relaunched successfully for Popup
2019-09-03 16:33:36,592 [TestNG-tests-1] INFO pageObjects.SignUpElements - App Allow Button Clicked
2019-09-03 16:33:57,908 [TestNG-tests-1] INFO pageObjects.CommonElements - App relaunched successfully for Popup
2019-09-03 16:34:08,980 [TestNG-tests-1] INFO pageObjects.CommonElements - App relaunched successfully for Popup
2019-09-03 16:34:20,371 [TestNG-tests-1] INFO pageObjects.CommonElements - App relaunched successfully for Popup
2019-09-03 16:34:31,540 [TestNG-tests-1] INFO pageObjects.CommonElements - App relaunched successfully for Popup
2019-09-03 16:34:31,553 [TestNG-tests-1] INFO pageObjects.ChatPageHeader - Clicking on Profile Button
2019-09-03 16:34:33,175 [TestNG-tests-1] INFO com.Niki_Old.TestCases.AboutAndUpdate - 'About' Link Displays
2019-09-03 16:34:33,290 [TestNG-tests-1] INFO com.Niki_Old.TestCases.AboutAndUpdate - 'About' Link Name is displays correct name
2019-09-03 16:34:41,155 [TestNG-tests-1] INFO com.Niki_Old.TestCases.AboutAndUpdate - App Version showing Correctly
2019-09-03 16:34:48,182 [TestNG-tests-1] INFO com.Niki_Old.TestCases.AboutAndUpdate - Its moved to Support page
2019-09-03 16:34:48,254 [TestNG-tests-1] INFO com.Niki_Old.TestCases.AboutAndUpdate - Back Button appeared properly
2019-09-03 16:34:51,392 [TestNG-tests-1] INFO com.Niki_Old.TestCases.AboutAndUpdate - Its moved back to About Page from 'How Niki Works' page
2019-09-03 16:34:56,856 [TestNG-tests-1] INFO com.Niki_Old.TestCases.AboutAndUpdate - Its moved to Terms and Conditition page
2019-09-03 16:34:56,963 [TestNG-tests-1] INFO com.Niki_Old.TestCases.AboutAndUpdate - Back button appeared properly
2019-09-03 16:34:56,963 [TestNG-tests-1] INFO pageObjects.ChatPageHeader - Clicking on Profile Button
2019-09-03 16:35:11,006 [TestNG-tests-1] INFO com.Niki_Old.TestCases.AboutAndUpdate - Mail details are correct
2019-09-03 16:35:25,176 [TestNG-tests-1] INFO pageObjects.ChatPageHeader - Clicking on Profile Button
2019-09-03 16:38:36,640 [TestNG-tests-1] INFO com.Niki_Old.TestCases.Login - initilizing framework
2019-09-03 16:38:52,466 [TestNG-tests-1] INFO com.Niki_Old.TestCases.Login - TimeOut:30
2019-09-03 16:45:01,184 [TestNG-tests-1] INFO pageObjects.SignUpElements - User wants to change the phone number
2019-09-03 16:52:29,929 [TestNG-tests-1] INFO com.Niki_Old.TestCases.Login - initilizing framework
2019-09-03 16:52:53,469 [TestNG-tests-1] INFO com.Niki_Old.TestCases.Login - TimeOut:30
